<?xml version="1.0" encoding="UTF-8"?>
<!-- Generated by org.testng.reporters.JUnitXMLReporter -->
<testsuite ignored="0" hostname="del1-lhp-n70265" failures="0" tests="4" name="Surefire test" time="28.023" errors="0" timestamp="2023-05-22T09:55:42 IST">
  <testcase classname="com.testng.selenium.v2.LoginLogoutTest" name="loginTest" time="5.221"/>
  <testcase classname="com.testng.selenium.v2.LoginLogoutTest" name="logoutTest" time="5.079"/>
  <testcase classname="com.testng.selenium.v2.LoginLogoutTest" name="userregister" time="7.765"/>
  <testcase classname="com.testng.selenium.v2.LoginLogoutTest" name="testUserDetailsModification" time="6.868"/>
</testsuite> <!-- Surefire test -->
