<?xml version="1.0" encoding="UTF-8"?>
<!-- Generated by org.testng.reporters.JUnitXMLReporter -->
<testsuite ignored="0" hostname="del1-lhp-n70265" failures="0" tests="4" name="Default test" time="50.066" errors="0" timestamp="2023-05-26T12:54:15 IST">
  <testcase classname="com.testng.selenium.v2.LoginLogoutTest" name="loginTest" time="6.654"/>
  <testcase classname="com.testng.selenium.v2.LoginLogoutTest" name="userregister" time="11.854"/>
  <testcase classname="com.testng.selenium.v2.LoginLogoutTest" name="testUserDetailsModification" time="11.23"/>
  <testcase classname="com.testng.selenium.v2.LoginLogoutTest" name="logoutTest" time="10.242"/>
</testsuite> <!-- Default test -->
