<?xml version="1.0" encoding="UTF-8"?>
<testng-results ignored="0" total="4" passed="4" failed="0" skipped="0">
  <reporter-output>
  </reporter-output>
  <suite started-at="2023-05-26T11:03:26 IST" name="com.testng.selenium.v2.LoginLogoutTest" finished-at="2023-05-26T11:04:14 IST" duration-ms="47864">
    <groups>
    </groups>
    <test started-at="2023-05-26T11:03:26 IST" name="Command line test" finished-at="2023-05-26T11:04:14 IST" duration-ms="47864">
      <class name="com.testng.selenium.v2.LoginLogoutTest">
        <test-method is-config="true" signature="setup()[pri:0, instance:com.testng.selenium.v2.LoginLogoutTest@589b3632]" started-at="2023-05-26T11:03:26 IST" name="setup" finished-at="2023-05-26T11:03:34 IST" duration-ms="8035" status="PASS">
          <reporter-output>
          </reporter-output>
        </test-method> <!-- setup -->
        <test-method signature="loginTest()[pri:1, instance:com.testng.selenium.v2.LoginLogoutTest@589b3632]" started-at="2023-05-26T11:03:34 IST" name="loginTest" finished-at="2023-05-26T11:03:41 IST" duration-ms="6592" status="PASS">
          <reporter-output>
          </reporter-output>
        </test-method> <!-- loginTest -->
        <test-method signature="userregister()[pri:2, instance:com.testng.selenium.v2.LoginLogoutTest@589b3632]" started-at="2023-05-26T11:03:41 IST" name="userregister" finished-at="2023-05-26T11:03:52 IST" duration-ms="11748" status="PASS">
          <reporter-output>
          </reporter-output>
        </test-method> <!-- userregister -->
        <test-method signature="testUserDetailsModification()[pri:3, instance:com.testng.selenium.v2.LoginLogoutTest@589b3632]" started-at="2023-05-26T11:03:52 IST" name="testUserDetailsModification" finished-at="2023-05-26T11:04:03 IST" duration-ms="11036" status="PASS">
          <reporter-output>
          </reporter-output>
        </test-method> <!-- testUserDetailsModification -->
        <test-method signature="logoutTest()[pri:4, instance:com.testng.selenium.v2.LoginLogoutTest@589b3632]" started-at="2023-05-26T11:04:03 IST" name="logoutTest" finished-at="2023-05-26T11:04:14 IST" duration-ms="10211" status="PASS">
          <reporter-output>
          </reporter-output>
        </test-method> <!-- logoutTest -->
        <test-method is-config="true" signature="terminatetest()[pri:0, instance:com.testng.selenium.v2.LoginLogoutTest@589b3632]" started-at="2023-05-26T11:04:14 IST" name="terminatetest" finished-at="2023-05-26T11:04:14 IST" duration-ms="188" status="PASS">
          <reporter-output>
          </reporter-output>
        </test-method> <!-- terminatetest -->
      </class> <!-- com.testng.selenium.v2.LoginLogoutTest -->
    </test> <!-- Command line test -->
  </suite> <!-- com.testng.selenium.v2.LoginLogoutTest -->
</testng-results>
