<?xml version="1.0" encoding="UTF-8"?>
<!-- Generated by org.testng.reporters.JUnitXMLReporter -->
<testsuite ignored="0" hostname="del1-lhp-n70265" failures="0" tests="4" name="Command line test" time="47.864" errors="0" timestamp="2023-05-26T11:04:14 IST">
  <testcase classname="com.testng.selenium.v2.LoginLogoutTest" name="loginTest" time="6.592"/>
  <testcase classname="com.testng.selenium.v2.LoginLogoutTest" name="userregister" time="11.748"/>
  <testcase classname="com.testng.selenium.v2.LoginLogoutTest" name="testUserDetailsModification" time="11.036"/>
  <testcase classname="com.testng.selenium.v2.LoginLogoutTest" name="logoutTest" time="10.211"/>
</testsuite> <!-- Command line test -->
