<?xml version="1.0" encoding="UTF-8"?>
<testng-results ignored="0" total="4" passed="4" failed="0" skipped="0">
  <reporter-output>
  </reporter-output>
  <suite started-at="2023-05-26T12:53:25 IST" name="Default suite" finished-at="2023-05-26T12:54:15 IST" duration-ms="50066">
    <groups>
    </groups>
    <test started-at="2023-05-26T12:53:25 IST" name="Default test" finished-at="2023-05-26T12:54:15 IST" duration-ms="50066">
      <class name="com.testng.selenium.v2.LoginLogoutTest">
        <test-method is-config="true" signature="setup()[pri:0, instance:com.testng.selenium.v2.LoginLogoutTest@59662a0b]" started-at="2023-05-26T12:53:25 IST" name="setup" finished-at="2023-05-26T12:53:35 IST" duration-ms="9845" status="PASS">
          <reporter-output>
          </reporter-output>
        </test-method> <!-- setup -->
        <test-method signature="loginTest()[pri:1, instance:com.testng.selenium.v2.LoginLogoutTest@59662a0b]" started-at="2023-05-26T12:53:35 IST" name="loginTest" finished-at="2023-05-26T12:53:42 IST" duration-ms="6654" status="PASS">
          <reporter-output>
          </reporter-output>
        </test-method> <!-- loginTest -->
        <test-method signature="userregister()[pri:2, instance:com.testng.selenium.v2.LoginLogoutTest@59662a0b]" started-at="2023-05-26T12:53:42 IST" name="userregister" finished-at="2023-05-26T12:53:54 IST" duration-ms="11854" status="PASS">
          <reporter-output>
          </reporter-output>
        </test-method> <!-- userregister -->
        <test-method signature="testUserDetailsModification()[pri:3, instance:com.testng.selenium.v2.LoginLogoutTest@59662a0b]" started-at="2023-05-26T12:53:54 IST" name="testUserDetailsModification" finished-at="2023-05-26T12:54:05 IST" duration-ms="11230" status="PASS">
          <reporter-output>
          </reporter-output>
        </test-method> <!-- testUserDetailsModification -->
        <test-method signature="logoutTest()[pri:4, instance:com.testng.selenium.v2.LoginLogoutTest@59662a0b]" started-at="2023-05-26T12:54:05 IST" name="logoutTest" finished-at="2023-05-26T12:54:15 IST" duration-ms="10242" status="PASS">
          <reporter-output>
          </reporter-output>
        </test-method> <!-- logoutTest -->
        <test-method is-config="true" signature="terminatetest()[pri:0, instance:com.testng.selenium.v2.LoginLogoutTest@59662a0b]" started-at="2023-05-26T12:54:15 IST" name="terminatetest" finished-at="2023-05-26T12:54:15 IST" duration-ms="180" status="PASS">
          <reporter-output>
          </reporter-output>
        </test-method> <!-- terminatetest -->
      </class> <!-- com.testng.selenium.v2.LoginLogoutTest -->
    </test> <!-- Default test -->
  </suite> <!-- Default suite -->
</testng-results>
